`jio.help()` is provided to search how to use jio functions.
10401 ─/
13659 马克思主义/
16458 与/
17952 一/
20203 六十一/
22595 改革/
23016 六十一/
23211 改革/
24281 弗/
24366 闹/
26439 闹/
27621 闹/
28784 /w
29235 /v
29929 /w
30475 ，/
30508 /w
30537 /r
31091 好/
32966 六十一/
34642 /v
35902 闹/
36319 改革/
39383 六十一/
41739 闹/
41913 改革/
42508 闹/
42742 闹/
43008 门/
43441 与/
47001 ！/
49168 ─/
50574 ，/
50612 华达/
50976 ，/
51891 /u
52060 /w
52464 改革/
54722 与/
55441 这/
56361 六十一/
56957 ─/
58283 /u
60311 ─/
61335 年/
61987 ！/
63105 头/
63335 头/
65492 亚利士多/
66723 兢/
67760 ，/
67812 年/
67890 /w
69712 六十一/
70234 -/
70301 见识/
70317 真/
70558 /u
70936 你/
71312 /w
71601 -/
71637 /w
71926 /r
72710 复/
73698 /p
76551 贷款n/
76577 按p/
77200 闹/
77747 与/
80214 肄/
81197 地区/
81849 "/
82204 /vd
83594 自/
83833 自/
84482 本/
87018 毒a/
88049 /w
88555 十月革命/
88723 肄/
90089 与/
90158 自/
90634 /w
90722 /w
91006 吗/
91409 让/
91410 手/
91450 ，/
92356 /v
92808 /n
92893 青年人/
93504 闹/
97732 弗/
98414 还/
99393 门/
99901 东/
101122 年/
101524 /w
101537 头/
101570 /r
101699 /vd
101891 防/
102281 屣n/
102364 /w
102920 弗/
103112 闹/
104311 闹/
104670 ─/
105050 六十一/
106805 自/
107813 六十一/
109153 六十一/
110750 /v
110788 /vl
111651 /w
115337 肄/
115712 歧/
116218 /nh
117136 本/
118260 ─/
118585 六十一/
118901 名/
119178 中和/
119367 改革/
119676 中和/
119831 /w
120041 东/
120489 自/
120672 本/
122303 了/
122560 /d
125429 兢/
126804 几/
126829 记/
126861 /u
127140 与/
128043 把/
128063 /w
128596 /n
128739 十月革命/
129564 还/
129776 Ｊ/
129960 本/
130458 生活/
131299 了/
131604 防/
131740 本身/
131899 角落/
133075 弗/
133089 ─/
133719 /w
133742 搂/
133902 老/
133912 。/
135071 六十一/
135506 /w
135951 伯/
136768 /w
138048 肄/
139010 歧/
139486 歧/
140208 /vl
140333 秩序/
141932 /vl
143039 亚利士多/
144591 六十一/
145534 毒a/
145848 肄/
146762 斐底阿斯/
146916 氏/
147345 与/
147810 ，/
147905 /w
147979 老/
149411 /v
150677 领导/
151219 /v
151757 固体/
153594 自/
153997 ，/
155146 头/
155782 /d
157116 肄/
158547 就是/
161661 及至/
162138 到/
163274 /w
164586 歧/
164688 头/
166107 闹/
166945 /w
168294 /u
168373 ─/
170039 贷款n/
171523 呢/
173262 闹/
173972 厉害/
174564 秩序/
175566 而/
176094 肄/
176174 婚制/
176766 三/
177348 东/
178619 /n
179076 /w
179575 /w
179830 华达/
180120 /w
180126 有的r/
180253 地区/
180936 /w
180946 该/
181873 和/
182178 它/
182215 /d
182397 有/
184050 弗/
185308 按p/
185421 与/
186248 六十一/
186873 肄/
187138 /r
188137 ，/
188239 /u
188506 /d
193270 六十一/
194004 /nd
194350 中和/
195454 与/
196647 /w
197976 十月革命/
198963 /q
198973 ，/
199072 ─/
199529 ─/
199883 这/
200147 ─/
200351 肄/
202676 还/
203357 东/
203370 十月革命/
203537 东/
203550 十月革命/
204280 剥削/
204352 。/
204388 /w
205141 民主政治/
206693 /d
206761 一/
206850 /w
206919 ，/
208527 价格/
208756 ─/
209474 /u
209603 几/
210068 还/
210107 东/
210182 亚利士多/
210288 直/
212425 线/
213556 /w
214529 本/
214918 /w
215024 贷款n/
216210 斐底阿斯/
216250 /w
217476 年/
219387 /n
219777 民主政治/
220383 /w
220982 /u
221477 /v
221655 厉害/
221806 抬/
221814 /w
222352 而/
223439 闹/
223963 贷款n/
224010 /vd
225034 几/
225071 记/
225140 /q
225215 /v
225236 斐底阿斯/
226409 她/
227420 ，/
227431 他/
227502 见/
227757 象/
227772 /vd
227908 /u
228016 咽/
228394 对p/
228564 刘/
228565 民主政治/
229439 /d
229536 /u
230153 /w
231145 /q
231615 离子/
231735 /vl
231899 /w
231902 /w
233489 /d
233521 的/
233578 抗日/
233595 三/
233727 /w
235925 /d
237122 民主政治/
237558 与/
239144 /n
239671 突/
240146 /v
240270 就是/
241077 /w
241479 么/
243457 六十一/
243563 自/
245192 中和/
247222 紧绷/
247489 /w
247849 /vd
248011 氏/
249267 /v
249503 /v
249557 ，/
249758 /w
251055 领导/
251348 多普勒/
251735 和/
252939 紧绷/
253176 这/
253262 兢/
255651 积极/
255748 /r
255824 /r
256001 剥削/
256032 /w
257412 三百/
257849 综合/
257865 /d
257927 某种/
258869 当/
258872 头/
258980 已经/
260100 。/
260871 /u
261783 贷款n/
262483 /w
262676 /w
264565 氏/
264852 歧/
264867 而/
265843 ？/
267825 /vd
267841 把/
268073 ，/
268241 /w
268289 才能/
268585 本/
269101 /w
269110 同时/
271218 据/
272319 本/
272851 慌/
275899 /c
276635 突/
278637 /q
278764 ，/
278890 /w
279628 /v
280185 马克思主义/
280339 /n
280415 令n/
280634 /w
280653 积极/
281031 ─/
282443 头/
284246 /w
284304 ，/
284823 与/
285116 还/
285281 了/
285583 已经/
287261 /w
287488 /v
287530 认真/
287605 /w
287678 /d
287680 /w
288537 咽/
289296 ─/
290298 /m
291609 /u
291690 "/
294327 ，/
294489 刘/
294513 民主政治/
294517 直/
294528 平/
294604 抗日/
297366 吗/
297595 /u
298814 ，/
299860 三/
300442 ，/
302207 /c
302240 安乐/
302335 ：/
302365 /u
305563 /w
305603 /w
305681 /r
305972 /p
306055 地/
306150 "/
306505 还/
310134 她/
310202 /w
310605 /p
311663 社会/
312194 贷款n/
312738 /p
313276 /v
314071 /u
314905 /w
316249 记/
316692 /w
316919 /w
316978 /w
318690 /w
320454 /u
321150 /q
321811 /r
324160 /nhf
324195 家/
324783 积极/
324838 几/
325113 集体/
326478 直/
326509 抗日/
328081 肄/
328576 /v
328824 之/
330980 /c
331745 毒a/
333337 种/
333550 之/
334055 之/
334464 /q
334563 斐底阿斯/
334618 "/
334868 到/
335042 /vd
335954 笔/
336528 冰/
336579 /u
336862 才能/
338474 社会/
338716 这/
339296 /v
340106 么/
340240 /vd
340673 剥削/
341226 呢/
341265 ，/
343092 /nhs
343099 /nhs
343266 动手/
343665 马克思主义/
343709 歧/
343722 而/
344252 /q
344403 三百/
344522 到/
345737 /w
346979 家/
347469 歧/
347752 /vl
347776 还/
348391 /w
348993 东/
349519 突/
350479 当/
350621 /w
350904 /n
351805 /u
352300 /u
352451 /v
353870 /vd
354060 厌/
354193 的/
354627 不/
354650 硫酸/
355421 晋/
355484 有的r/
355595 晋/
355658 有的r/
355793 才能/
356807 本/
357363 游击队/
357848 /d
357930 不说/
357961 一/
358128 ─/
358633 /vd
360070 ，/
360103 了/
360385 了/
360581 “/
360616 讲/
360889 /u
361233 ，/
364126 亚利士多/
364361 碎/
365739 ─/
367074 /v
368152 /r
368660 化/
370009 而/
370696 年/
371171 政治经济学/
372023 分子/
372730 麦/
372868 /q
372911 才能/
373329 /v
373351 /d
374657 了/
374731 /w
374927 肄/
375176 这/
375249 /w
375381 ，/
376107 依p/
376560 /u
376801 /w
377797 /w
377986 积极/
378889 /w
379994 /d
380229 /n
380234 /vl
380319 自然/
381527 马克思主义/
382462 ！/
383227 /p
384005 /u
384106 的/
384121 ，/
385166 本/
385368 家/
385395 队长/
385901 本/
386143 不说/
387060 闹/
387954 /vl
387972 /n
387985 /vu
388382 /p
389062 /n
389089 /r
389347 硫酸/
389374 多普勒/
389536 分别/
390346 /v
390372 /v
390394 /d
390479 /w
390652 /w
392207 好看/
392860 她/
393888 地区/
393912 /w
393977 让/
394278 /w
394440 亚利士多/
394726 东/
395519 /v
396055 就是/
396103 了/
396793 几/
397219 几/
397251 麦/
397341 /u
399485 了/
399523 地/
399657 /w
401044 ，/
401161 /m
401221 /u
401979 本/
402092 一/
402184 /p
403557 英挺/
403557 果决/
404102 /w
405158 一/
405191 化/
405246 高粱地/
405492 年/
406740 时/
409961 我们/
411051 抗日/
411056 /c
411312 贷款n/
411772 马克思主义/
412325 深刻/
412549 明白/
412604 /u
412832 /w
413067 /d
413895 涌/
415164 圆/
415643 本/
416420 贷款n/
416549 地/
416635 本能/
416875 /vu
416957 /u
417254 /w
417294 当/
417311 头/
417414 /vd
418211 费用/
418224 ，/
418531 明确/
418702 /n
419213 /n
419610 安乐/
420511 /d
420948 本能/
421026 积极/
421029 五/
421316 涌/
421501 /u
422647 /vd
422740 /w
422770 搂/
423481 /u
423841 就是/
424097 /nd
424274 /u
424809 安乐/
425170 年/
426508 ─/
428699 。而/
429821 /vl
429844 还/
430208 你/
431358 亚利士多/
431913 /n
432297 一/
432364 /p
432580 /w
432953 一/
433965 讲/
434558 ，/
435018 ，/
435856 /u
435968 认真/
436234 /w
436684 /w
436717 生殖器官/
436739 /u
ｍ
436759 /v
437219 到/
437314 ！/
438047 小猪/
440771 /w
442433 ─/
442753 ─/
442897 ─/
445214 ？/
445285 晋/
445402 /w
446962 东/
447668 /vl
447728 /w
448512 刘/
448550 /m
448560 抗日/
448659 /u
448981 /n
449467 对象/
449606 的/
449703 。/
449747 /nd
449880 ，/
450916 秩序/
451070 /w
c
451860 已经/
452144 战局/
453236 /p
453640 按p/
454708 地区/
455775 /vl
456481 /n
456511 /u
456679 六十一/
456971 /n
457001 /u
457393 ─/
457612 抬/
457686 /r
457722 /w
457826 队长/
457911 了/
458053 才能/
458801 /v
458857 表现/
458920 /v
459076 个/
459446 的/
462635 /u
462814 社会/
463999 。/
464471 /w
464589 /w
464877 /r
464996 /w
468096 肄/
468394 本/
468494 歧/
469051 /n
469507 游击队/
469597 无可奈何/
469848 抗日/
469854 /c
470089 /w
471573 把/
472332 贷款n/
472864 ，/
473344 一/
473500 /q
473924 /w
474367 /w
474565 /w
１０
474870 ，/
474952 见/
475473 毒a/
475560 它/
475912 该/
475986 （/
477529 同时/
477676 同时/
478335 对象/
478824 还/
478910 东/
479129 坚持/
479421 了/
479908 才能/
479984 这/
480285 /u
480353 社会/
481113 /w
482339 /w
482924 分/
483650 生活/
483959 /vd
484016 把/
484053 ，/
484215 /w
484644 家/
484712 他们/
484748 队长/
485650 /u
485679 /n
486128 ，/
486135 搂/
486850 。而/
c
487041 贷款n/
487493 /c
487545 /d
487871 ─/
488381 ，/
489238 它/
489379 按p/
490576 ，/
491677 /v
492077 /w
492129 身个/
492386 /n
492896 和/
493173 毒a/
494319 了/
494336 当/
496314 /vl
496669 深刻/
496748 已经/
498600 。/
498692 /w
498751 马克思主义/
498954 /m
500230 社会/
500318 贷款n/
500712 敌舰/
500978 /q
501510 地/
503093 /w
503328 /u
503529 已经/
503544 明白/
503851 就是/
504482 斐底阿斯/
504974 一/
505059 /p
505877 /q
505974 /r
506254 /n
506348 /d
506395 ─/
507728 ！/
508018 /w
509265 认真/
509864 斐底阿斯/
510361 但/
510708 /nh
512665 /w
514053 /v
514270 /w
514277 同时/
514630 /v
514814 三/
515530 ─/
515637 /w
515966 而/
516793 玷/
518070 /nd
518235 咽/
518413 及至/
519536 地区/
520682 这里/
521496 马克思主义/
522472 /w
522929 /vl
522970 /r
524807 /w
526196 /n
526521 无可奈何/
526581 深山/
527345 婚制/
528027 /c
528050 /q
528130 /v
528400 东/
528497 /q
529955 这个/
530317 /w
530452 歧/
530757 Ｊ/
531360 /w
531854 /w
532009 屣n/
532183 突/
532878 /vd
534546 /n
534894 直/
535169 /w
535239 战士/
535864 /v
535921 漩涡/
537695 /w
538188 /v
538361 ─/
539172 /u
539947 几/
540349 民主政治/
540356 直/
541061 为/
541787 /vd
542135 本能/
542703 本能/
543227 /d
544819 人员/
545023 实在/
545081 十月革命/
545421 ，/
547105 ，/
547406 中和/
547496 秩序/
547848 /w
549748 ─/
550480 /v
551769 抗日/
552240 /r
552274 /vd
552531 慌/
553092 ，/
554648 /vd
555045 。/
555083 /u
555705 /w
556257 好/
556296 /q
556777 /v
556859 "/
559135 /u
559675 /u
560382 /nhs
560387 /nhs
561122 杨凤/
561600 之/
562402 抬/
562498 咽/
562508 ，/
562776 该/
562894 该/
564637 /w
564941 /m
565580 肄/
565899 /d
566007 /w
566049 /m
566544 三/
567164 ！/
567573 /v
568173 本来/
569360 认真/
569721 ，/
570691 肄/
571363 /m
571417 /v
571785 /d
571868 /q
572298 民主政治/
572309 直/
572349 抗日/
573361 ：/
573728 /a
574368 一/
574473 突/
576118 /d
576185 /q
576659 /d
576726 /q
576816 。。/
576989 了/
577060 了/
577927 一/
579109 /w
580127 还/
581019 基本/
581259 而/
581520 呢/
581586 ，/
582622 教育/
582797 社会/
583566 。而/
583698 三/
584180 /w
584459 让/
584460 手/
585967 /r
585979 /w
586967 /q
588580 /v
588594 英挺/
588594 果决/
588827 ，/
588827 滇越/
588901 /d
589463 ─/
589977 粒/
590813 伟大/
590838 /w
590932 有/
591133 把/
591194 搂/
591438 /v
591759 续/
592557 年/
592666 直/
592696 抗日/
593568 ２/
593931 深刻/
594358 分配/
594592 高粱地/
594828 乃/
594897 之/
595884 /u
595999 /w
596216 /d
596583 /v
597109 东/
597506 涌/
597557 十月革命/
597585 /w
598135 ，/
599307 /v
600928 /u
601238 有/
601904 个/
１
602937 /nhf
603212 地/
603227 人员/
603263 位/
603271 的/
603358 /w
603383 /n
603553 /n
603678 /w
603808 /n
604468 年/
605328 /w
605444 /q
605841 屣n/
606383 年/
606739 /v
608239 /w
608330 兢/
609195 ─/
１
610519 /d
611600 搂/
611730 化石/
611829 集体/
612008 初/
612174 /w
612201 当/
612237 。/
612676 歧/
613079 /v
613943 /u
613970 /n
614039 /q
614321 /vd
615248 之/
617311 /vd
617751 /w
618413 基本/
618817 兢/
619525 "/
619640 形/
620008 /x
620008 /x
620700 平/
620768 抗日/
621096 /u
621321 /d
621331 。/
621612 /nhf
622455 平/
622976 波浪/
623112 领导/
623211 该/
624081 玷/
624372 抬/
624501 /n
625591 。而/
625888 /nd
626435 /nd
626849 你/
627223 /q
627253 /n
627870 ，/
627968 /u
628048 价格/
628613 大寒/
628938 哗哗/
628993 慌/
629097 /w
630278 "/
630330 中和/
630822 ，/
631353 /u
631611 /p
631618 乃/
631752 之/
632064 之/
632315 表现/
632479 /n
633049 有的r/
633409 /w
633817 /w
634879 一/
635265 /v
635764 /w
636132 /q
636175 咽/
636185 /w
636700 /vl
637243 /d
637703 /w
637734 生活/
638733 /w
639185 /d
640337 领导/
640600 ，/
640912 还/
641273 /p
641384 ，/
641441 还/
641584 涌/
641592 东/
641745 科学/
641997 /v
642620 与/
643563 工/
643563 ０．/
643659 续/
643922 /w
644008 /q
644881 他/
646178 亚利士多/
647769 /w
647866 让/
647867 手/
648825 同时/
648996 本来/
649831 ─/
650082 /r
650548 /nh
651117 对象/
651119 同时/
651387 /d
652025 已经/
652337 队长/
652592 "/
652645 向/
652957 涌/
653330 突/
653608 /w
654144 真/
655783 /q
655884 自然/
655915 /v
656270 /d
656390 /w
656689 /w
656848 的/
657263 涌/
657274 东/
657372 十月革命/
１９２
657558 农民/
657776 十月革命/
658056 种/
658248 /w
658270 有的r/
659548 站/
659634 /m
659969 自然/
660455 /nd
660963 /vd
661037 /w
661183 /vd
661564 ！/
661741 /w
663141 /w
663171 /u
663437 刘/
663479 平/
663500 /m
664465 /u
665122 本身/
665593 内/
666118 /v
668752 /q
668805 双/
668925 白种人/
670144 /r
671188 /v
671552 /d
１
672762 某种/
673588 同时/
673919 战/
673983 几/
673999 /w
674081 支援/
676507 工资/
676912 任/
676938 抬/
676961 大寒/
677262 层/
677572 /w
677718 ，/
678289 "/
679341 /u
679743 ，/
680265 婚制/
680284 和/
680300 地区/
680363 /w
680725 /w
681532 /c
682146 /w
682597 /w
682938 小猪/
683137 /w
684049 /u
684160 分配/
685340 各种/
685866 中和/
686271 /w
686315 /w
686617 价格/
689263 或/
689365 自然/
689770 /w
689845 /w
689926 "/
691165 这/
692818 批判/
693254 /u
693479 几/
693578 记/
694067 /v
694438 /w
694521 无可奈何/
695141 头/
695811 而/
696312 突/
698889 /w
700310 /n
700787 名/
701676 /v
701703 农民/
701734 时/
703077 /u
705518 的/
705732 /vd
705887 或/
706433 碎/
706741 亚利士多/
707619 在/
709465 /u
709709 /w
709971 /q
710093 自然/
710348 我们/
710574 /w
711016 的/
711053 /q
711219 头/
711797 抬/
712285 ，/
712466 /nhs
712684 ！/
713054 时/
713154 ─/
713154 ─/
714822 /v
715365 抗日/
715402 /c
716511 /u
716822 分子/
716934 /w
717015 /w
719190 /v
719723 领导/
722116 到/
722525 一/
722652 他们/
722702 /d
723556 /w
723557 毕n/
723874 马克思主义/
724251 屣n/
724800 自/
725725 戏/
726243 /w
726509 /v
726546 的/
726663 /w
726988 /nhf
727107 /q
727409 /vd
728011 抬/
728068 咽/
728173 咽/
728415 /w
729483 有的r/
729516 /m
730516 ：/
731412 什么/
731727 ．/
732545 。而/
732546 突/
733494 该/
733527 /u
735774 /w
735841 /u
736232 同时/
736266 毒a/
736701 时/
736857 /a
737451 为/
737549 乃/
737693 同时/
739191 这个/
739769 了/
739851 本能/
742397 /w
742817 巴/
742879 伯/
742928 法兰克/
743175 /n
743476 紧绷/
743550 一/
744955 /nhs
744965 /nhs
744986 见识/
745165 /w
746570 /w
746687 /w
746816 /u
747504 的/
747740 的/
748063 十月革命/
748500 ─/
748839 观察/
749018 /w
751088 费用/
752449 为/
755753 /w
755993 ：/
756548 为/
756861 积极/
757344 /u
758267 综合/
758432 这种/
758433 形/
758753 综合/
758918 这种/
758919 形/
759292 有/
760113 /m
760327 身个/
760332 飞跑/
760957 见识/
761036 本能/
761668 了/
762424 /w
764632 /u
765449 ─/
767091 /n
767285 和/
767955 综合/
768089 厌/
768763 在/
769625 名/
769910 /vl
770704 /vu
772551 ，/
772584 /u
773149 /u
773816 马克思主义/
774203 /nt
775007 /p
775512 /p
775865 /u
776243 /w
776261 在/
776725 /a
777483 下去/
777543 的/
777862 讲/
778312 /w
779218 剥削/
779737 这/
780701 亚利士多/
782822 ，/
784577 /nhf
785747 十月革命/
786082 ：/
787657 /p
788160 /p
789353 几/
789622 着/
789968 歧/
790003 而/
790691 造/
791117 本身/
791595 本身/
791831 /v
792017 了/
792444 掉/
792719 战局/
792860 /u
792872 "/
792885 认真/
793203 杨凤/
793305 几/
793793 刘/
794459 他们/
795031 。/
795091 /w
795215 玷/
795378 按p/
797038 之/
797137 本身/
797145 同时/
798014 /d
799203 /w
799794 法兰克/
799798 几/
800069 复/
800575 的/
800602 综合/
801220 ！/
801797 /w
803197 ─/
804100 ，/
804174 /u
804356 咽/
804676 /w
805155 防/
805338 /n
805371 乃/
805613 同时/
806514 /w
807774 敌舰/
809141 /v
809905 他们/
810474 本能/
811447 ─/
811833 年/
812587 /w
812869 该/
813109 /c
813561 ，/
814195 /m
815873 /w
816245 。/
816246 /p
816388 某种/
817411 一/
817607 年/
818071 /r
818263 有/
818426 人员/
819187 华达/
819201 /u
819821 /v
820630 苏/
821345 ，/
821729 剥削/
821888 。/
822205 ─/
822584 地区/
823022 地区/
823895 游击队/
823933 /r
824134 "/
825650 本能/
826935 /w
826963 同时/
827726 ：/
829334 教育/
829537 /u
831106 /w
831358 /n
831525 数/
831638 或/
831750 位/
831829 工/
831829 ０．/
832150 。/
832161 亚利士多/
833564 本身/
834135 三百/
835025 /w
835192 /d
835202 /nhf
835369 /vu
836052 /m
836194 ，/
836264 华达/
837170 由/
１
１８．１
838901 漩涡/
839259 /w
839465 d有点/
839575 把/
839585 /w
839741 /w
839801 吗/
840510 /n
841295 贷款n/
842832 一/
843051 /v
843144 隋/
843545 /n
843572 记/
843674 集体/
844696 社会/
844756 /v
845669 余/
846018 到/
846647 ，/
846647 滇越/
846723 /v
847378 /w
848673 条/
848747 双/
849086 /w
849501 对象/
849602 /w
849807 的/
850062 种/
850370 这/
850581 /u
851009 /n
851959 /w
852014 ─/
853114 度/
853688 度/
854058 叙述/
854805 。/
854827 头/
854983 /d
855273 动手/
857555 民主政治/
857582 直/
857593 平/
858082 突/
858549 "/
860444 /d
860590 ─/
860962 。/
861605 费用/
861741 价格/
861904 工件/
862596 ，/
863360 /c
863494 的/
864339 /u
864869 ，/
864902 /c
865747 /u
865796 ，/
865830 /a
865990 战局/
866208 隋/
866481 时期/
867383 十三/
867383 二十三/
867535 蹙/
867648 贷款n/
869494 /n
869577 /n
869650 敌舰/
871536 /v
871783 按p/
872504 抗日/
872590 三/
874028 /v
874453 '/
875148 同时/
875751 。。/
875765 ，/
875835 正/
875850 完全/
876160 /d
877208 /k
877322 /m
878027 /u
878085 马克思主义/
878562 /r
879089 /n
879168 了/
879461 行/
879522 农民/
879907 的/
880210 价格/
880819 /q
881078 英挺/
881078 果决/
881185 /w
881708 /p
882870 /vd
883344 /c
883549 满足/
884062 满足/
884304 好看/
884530 /w
884654 /u
884839 /n
885527 ，/
１
886458 /v
887612 在/
888405 就是/
889275 /w
889894 几/
890686 和/
891077 /ws
891719 /u
892686 ，/
893132 分配/
894007 /x
894007 /x
894162 ，/
894721 集体/
894907 /u
895703 /w
895840 "/
896348 /p
896924 ！/
897861 按p/
900275 /u
900408 /r
900538 咽/
900597 /r
900917 。/
901010 兢/
901315 动手/
903524 /d
904582 费用/
904783 /u
904984 /u
905068 这个/
905156 ：/
905917 ─/
906092 /n
906962 /nd
907166 薄/
907335 已/
907711 伯/
910548 伯/
910589 /w
910792 得意/
911566 法兰克/
911657 度/
911673 支援/
911754 /r
911767 /nhf
911810 似地/
911848 /v
911906 /d
912238 。/
912279 地区/
912329 /w
912624 依p/
912947 /w
913028 集体/
914396 /w
914825 了/
914991 够/
915005 /u
915055 /w
915185 战士/
915239 他/
915253 眼/
915753 决不/
915913 这/
917741 ─/
918021 /w
918121 /w
919466 ：/
919501 /c
920827 /n
921892 （/
922487 依p/
922934 紧绷/
922939 不说/
922994 这/
923136 /w
923553 喂/
923673 ─/
923726 小猪/
923894 /v
925244 /q
925749 ─/
926350 伟大/
927552 到/
929223 着/
929240 砌/
929537 /w
929832 /u
931436 /vl
931639 /w
932218 兢/
932382 /u
932944 把/
935592 几/
935723 据/
935754 /nt
935763 描述/
936134 系/
936513 世纪/
936581 几/
936616 满足/
936691 方式/
936946 ─/
937583 我们/
937696 个/
938307 的/
938755 /n
938790 记/
938866 费用/
938905 这个/
938991 ：/
939343 。\/
939601 满足/
939692 /w
939980 了/
940815 /n
941457 贷款n/
944050 象/
944089 /nhf
944192 紧绷/
944208 不说/
944791 /v
945672 戏/
946135 还/
946306 东/
947025 社会/
947226 才能/
947845 /w
948707 斐底阿斯/
949074 ─/
949981 ─/
949981 ─/
950549 ：/
951414 基本/
951686 的/
953038 "/
953373 造/
953433 ：/
953700 /w
953728 ，/
953825 ：/
953968 圣玛利/
954104 法则/
954470 地/
954479 地/
954588 本能/
955483 /n
955596 ，/
956185 /vd
956500 /nd
956733 /u
956895 ：/
958976 /u
959212 /w
959374 敌舰/
959470 /d
960093 戏/
960716 抗日/
961374 /d
961764 同时/
961801 决不/
961992 这/
965307 /q
965332 /d
967087 价格/
967231 地/
967234 地/
967884 /nd
970417 /v
972947 /d
973434 /q
973793 /q
973918 /w
974868 /w
974890 /m
975058 /u
975504 亚利士多/
975755 /w
975806 兢/
977002 /q
978021 对p/
979091 /u
979200 /w
979479 /v
979573 隋/
980276 据/
980393 满足/
980484 方式/
981527 深刻/
981595 几/
981883 ─/
982270 /w
982343 /w
983025 年/
983026 /n
983881 深刻/
983984 化/
984395 ，/
984536 ，/
984739 /d
985146 几/
985664 民主政治/
986073 为/
986581 为/
987075 ，/
987892 她/
987925 他/
988985 /w
989007 /m
989175 /u
989423 /n
989674 。而/
c
990855 /v
992636 ─/
992876 /u
993026 本身/
993029 对象/
993827 英挺/
993827 果决/
994020 队长/
994052 /w
994308 /w
994833 以及/
994851 /w
995514 民主政治/
995666 地区/
995718 /w
996326 /v
996390 定/
996393 贞/
996947 点/
997114 /w
997122 /u
997173 /n
997277 年/
997942 /vl
998270 明白/
998598 /w
998681 ，/
998799 /w
999095 /w
999098 毕n/
999162 造/
999499 这/
999656 /n
1000027 平/
1000196 三/
1001814 等/
1002092 着/
1002943 各种/
1003236 有/
1003699 /n
1003857 敌舰/
1003945 ，/
1003945 滇越/
1004711 道安/
1004938 /v
1004969 /d
1005020 三百/
1005050 集体/
1006789 掉/
1006796 /w
1007250 /q
1008601 年/
1010617 /w
1011373 /w
1011814 对p/
1012150 掉/
1013118 /v
1013211 老/
1013237 。/
1013297 /r
1013779 观察/
1014004 。。/
1014339 /u
1014377 ：/
1014659 ─/
1015541 本/
1017599 /nhf
1017672 家/
1017737 成/
1017818 好看/
1018517 敌舰/
1018605 ，/
1018605 滇越/
1019399 /w
1019438 /u
1019578 /w
1020219 毒a/
1021710 /r
1022633 集体/
1023268 五/
1024429 /vu
1024554 完全/
③/w企业/n的/u贷款/v要/vu
1026555 /v
1026569 /w
1026639 已/
1026644 高技术/
1027440 咽/
1028092 /w
1028724 植物/
1029160 ，/
1029208 /a
1029592 /v
1031308 ─/
1031789 概率/
1031876 /n
1031956 /w
1032393 他们/
1032488 就是/
1033163 /w
1033671 /w
1034063 马克思主义/
1034199 歧/
1034543 同时/
1036854 一/
1037937 吗/
1039022 进入/
1039582 /w
1041383 氏/
1041664 几/
1042471 为/
1043093 /w
1043273 /u
1044123 隋/
1045083 /w
1045114 /c
1045132 /n
1045234 ，/
1045635 /w
1045666 /c
1045684 /n
1045786 ，/
1046426 /d
1046507 /w
1046547 /n
1047245 -/
1047911 /q
1048063 /w
1048204 /w
1049638 这个/
1050200 ─/
1050551 /q
1050724 伟大/
1051355 /n
1051753 高粱地/
1053499 /m
1054722 就是/
1055316 /u
1056298 双髻鲨/
1056624 /vl
1056863 身个/
1057093 /u
1057328 /u
1058336 开/
1058425 特别/
1059838 它/
1059980 /w
1059997 牛/
1060469 /w
1060486 牛/
1061121 /r
1061856 /w
1062007 ，/
1063020 ，/
1063493 向/
1063632 /w
1063673 有的r/
1063709 /m
1063744 /w
1063908 ，/
1066056 好了/
1066094 抬/
1066104 /nhs
1066210 ，/
1066253 够/
1066589 /vd
1066748 把/
1066763 /w
1067196 费用/
1069331 /p
1069453 没有/
1069619 /n
1069630 /w
1071980 /v
1072138 个/
1072540 叙述/
1072568 /m
1072805 动手/
1073092 /u
1073282 /r
1073522 系/
1073526 多普勒/
1073587 有的r/
1074107 一/
1074181 实在/
1074593 刘/
1074634 晋/
1074739 /d
１
1074913 几/
1075312 /w
1075879 /w
1076521 /ws
1076846 站/
1077982 人n/
1078383 向/
1078586 吃掉/
1078928 /u
1079011 社会/
1080600 去/
1081143 明确/
1081244 见/
1081593 ，/
1081756 当/
1081773 化石/
1081861 头/
1083222 一/
1083474 它/
。丰丰
1083994 ，/
1084022 /q
1084661 ─/
1084780 /w
1084862 麦/
1084915 /vu
1085841 正/
1085849 完全/
1086174 一/
1086418 /w
1086581 家/
1087064 点/
1087129 /vl
1087744 /r
1088670 个/
1088910 民主政治/
1088971 /m
1088996 抗日/
1089038 /c
1089192 /w
1089241 有的r/
1089300 /m
1089490 ：/
1089502 /c
1090639 也/
1090773 /v
1091261 着/
1091269 砌/
1092392 吃掉/
1092556 而/
1093054 决不/
1093307 ！/
1093331 /w
1093381 ，/
１
1094930 /w
1095039 /w
1095664 /r
1095836 /d
1096051 ─/
1096259 的/
1096332 /w
1096476 给v/
1097306 高粱地/
1098069 数/
1098407 植物/
1098485 /nd
1098694 /w
1099098 /q
1100597 了/
1100663 "/
1100966 /w
1101125 ２/
1101612 /w
1103121 教育/
1103399 /d
1103801 多普勒/
1104340 多普勒/
1106376 而/
1108377 本来/
1109360 /u
1109843 /w
1111150 而/
1111274 ，/
1111340 /w
1112000 /w
1112327 /v
1112470 分/
1112516 教育/
1113072 /v
1113198 /x
1113198 /x
1113430 ─/
1114026 。/
1114070 /w
1114396 对p/
1115183 观察/
1115789 我/
1115834 见/
1115895 记录/
1115904 潮间带/
1117098 /n
1117105 社会/
1117378 /v
1117843 处/
1118429 处/
1123106 /v
1123227 认真/
1123387 /vl
1123853 。/
1124126 一/
1124140 化/
1125965 人物/
1126018 反感/
1126256 系/
1126257 多普勒/
1127062 /w
1127344 /d
1127818 人物/
1127912 /d
1128354 氏/
1128961 呼吸/
1128978 /w
1129813 象/
1129918 /w
1131067 才能/
1133249 回答/
1133295 明白/
1133357 /u
1134672 通过/
1135386 /w
1136822 /v
1136979 /d
1137932 高粱地/
1138115 把/
1140341 由/
1140571 /v
1140859 年/
1142159 /w
1143649 /v
1143691 有/
1143718 /nhf
1143724 /vd
1143878 紧绷/
1144546 ─/
1145815 /
1145833 /u
1145868 据/
1146351 /
1146369 /u
1146404 据/
1147021 道安/
1147062 时期/
1147212 地区/
1148821 通过/
1149354 /v
1149427 /d
1149843 。/
1151104 /a
1151489 /v
1151518 个/
1151670 无可奈何/
1152004 好了/
1152062 抬/
1152268 /w
1152345 。/
1152396 /r
1153707 /nhs
1153713 大寒/
1153801 咽/
1154535 ２/
1154651 /u
1154769 太空/
1154905 /w
1155099 直/
1155115 平/
1155220 抗日/
1155314 实在/
1156185 /u
1156236 便/
1156262 ，/
1156370 好了/
1156403 /nhs
1156536 咽/
1157389 多普勒/
1157603 /q
1158370 白色/
1158731 十三/
1158731 二十三/
1159361 就是/
1159644 /v
1161911 不怕/
1163358 一/
1163636 /w
1164516 几/
1164596 麦/
1165462 屣n/
1165682 d有点/
1165779 家/
1166295 /u
1166669 。/
1166872 该/
1167595 ，/
1167688 /w
1167838 /w
1167868 明确/
1168021 /d
1168392 /w
1168604 /w
1168616 流/
1168918 /w
1169121 三/
1169546 呵/
1170528 /w
1170677 一/
1170789 高粱地/
1170877 /w
1170882 /d
1170903 ，/
1170965 的/
1172103 /u
1172841 蹙/
1173225 掉/
1173283 /w
1174466 /n
1174993 /n
1175612 头/
1176712 同时/
1177233 一/
1177914 贷款n/
1178637 /n
1178653 /n
1178821 ：/
1179039 /p
1180083 地/
1180177 /w
1180491 已经/
1180506 战士/
1180626 /w
1180666 ，/
1180696 他/
1180918 抬/
1181894 见/
1181963 /w
1182037 居然/
1182645 的/
1182728 观察/
1182768 植物/
1183276 但/
1184381 十三/
1184381 二十三/
1184657 /w
1184928 /w
1185794 记录/
1185973 /w
1186065 /n
1186164 一/
1186474 /q
1187831 晋/
1187960 /d
1188323 ─/
1189859 /p
1189939 /v
1190342 /w
1190499 。/
1190995 /c
1192060 屣n/
1192105 毒a/
1193594 /v
1195069 /w
1195281 战士/
1196092 为/
1196340 的/
1196775 也/
1196823 以及/
1196849 凡/
1197037 /u
1197170 保v/
1199031 紧绷/
1199269 /v
1199833 生活/
1200520 /n
1202032 咽/
1202330 /w
1202378 有的r/
1202492 /w
1202528 同时/
1202627 毒a/
1204197 伯/
1205636 /q
1206745 依p/
1207255 /v
1207373 斐底阿斯/
1207470 本身/
1207477 对象/
1207879 /n
1207896 情况/
1208414 了/
1208534 真/
1208723 /u
1208889 英挺/
1208889 果决/
1209532 象/
1209539 /d
1209551 /vd
1209786 /u
1209958 ─/
1210593 飞跑/
1211425 将/
1211807 突/
1212973 只/
1213311 ，/
1213499 他/
1214513 保v/
1214747 ，/
1214747 滇越/
1215125 游击队/
1215128 我们/
1215274 益/
1216043 /w
1216410 教育/
1216424 兢/
1216879 杨凤/
1217104 令n/
1217211 肄/
1217638 令n/
1217851 工/
1217851 ０．/
1218033 基本/
1218628 这里/
1219647 /nd
1220430 但/
1220971 对象/
1221088 /c
1221706 什么/
1221759 ２/
1222888 个/
1222961 就是/
1223036 /vd
1223241 紧绷/
1223632 /u
1223799 /c
1223957 隋/
1224559 /nd
1226292 高粱地/
1227209 也/
1227349 /q
1227674 身个/
1227771 ，/
1228003 /n
1228072 ，/
1228168 青年人/
1228366 时/
1228373 /d
1228934 粒/
1228985 /w
1229251 /v
1229945 /r
1230025 的/
1234479 ─/
1235057 /n
1235190 华达/
1235201 /u
1235540 /w
1235556 ．/
1236454 五/
1236628 -/
1237295 /v
1237708 /w
1238724 /v
1239355 不同/
1239742 名/
1240206 /d
1240266 ，/
1240272 搂/
1241142 他/
1241248 /r
1241477 游击队/
1242171 公园/
1242282 /v
1242727 /w
1243061 /p
1243715 /u
1243759 /w
1244102 /v
1244302 /v
1244614 一/
1245583 自然/
1245585 /vd
1245725 种/
1248974 安乐/
1249060 /d
1249342 三百/
1249742 观察/
1249930 /w
1251172 身个/
1251396 ，/
1251635 我们/
1251953 年/
1252937 /v
1252970 "/
1253596 和/
1255088 "/
1255396 /nhf
1255477 /q
1255929 十三/
1255929 二十三/
1256229 令n/
1256484 /w
1256940 /q
1256983 碎/
1257049 热化/
1257162 /w
1257623 英挺/
1257623 果决/
1257661 /w
1257728 /r
1257774 /w
1257958 才能/
1257977 决不/
1258861 、/
1258869 人物/
1259369 、/
1259377 人物/
1259996 着/
1260064 /d
1262919 三百/
1262953 分配/
1263053 对p/
1264982 ，/
1265463 /p
1265689 ─/
1265716 氏/
1266661 无可奈何/
1267318 上述/
1267331 和/
1267963 /d
1268243 /q
1269115 /nhf
1269257 /q
1269519 地/
1269523 地/
1270741 他们/
1270893 /d
1270919 有/
1271801 /q
1272299 把/
1272306 掉/
1272395 搂/
1272542 当/
1273782 /v
1273957 /d
1274972 费用/
1275062 这个/
1275715 /u
1275808 在/
1276889 ─/
1277033 氏/
1277089 /w
1277211 /w
1278828 认真/
1279085 /q
1279178 他们/
1279304 队长/
1280109 分/
1280170 人员/
1281459 有的r/
1281520 /m
1281662 /w
1282650 就是/
1282899 -/
1283656 只/
1284274 队长/
1284759 /w
1285937 老/
1287431 /n
1288641 ：/
1289161 /u
1289254 在/
1289944 年/
1290151 刘/
1290843 到/
1292523 /v
1292632 英挺/
1292632 果决/
1292865 地/
1293265 /d
1293310 /w
1294379 /n
1295243 教育/
1295400 /n
1295403 社会/
1296651 ，/
1296710 了/
1296850 才能/
1296853 深刻/
1297874 逆/
1297881 认识/
1298050 领导/
1299150 了/
1299273 /v
1299415 表现/
1299828 ，/
1299950 /q
1299999 厉害/
1301363 。/
1301635 /u
1301673 条/
1304008 民主政治/
1304054 平/
1304238 本/
1305872 高/
1306155 /d
1306392 "/
1306442 他/
1306549 /w
1306715 我们/
1306914 地/
1306922 地/
1307285 厉害/
1307434 ，/
1307604 '/
1309230 ─/
1311017 这里/
1311799 /nd
1312258 /vu
1312348 了/
1312493 ；/
1312497 /w
1313256 /d
1313883 /u
1315334 双/
1317728 抗日/
1318118 /k
1318217 /c
1318322 费用/
1319206 ─/
1320204 ，/
1320204 滇越/
1320660 "/
1321127 咽/
1321282 明确/
1321587 这种/
1321808 /nhs
1321819 /nhs
1322341 常/
1322408 /w
1323472 ，/
1323492 眼/
1324015 ，/
1324054 工/
1324054 ０．/
1325163 时/
1325383 /a
1325763 定/
1326131 科学/
1326374 五/
1326497 的/
1327085 /nd
1327133 ，/
1327474 史塔汉诺夫/
1328019 史塔汉诺夫/
1328662 /q
1328980 /vl
1330994 ─/
1331682 ：/
1332143 价格/
1332542 一/
1333285 ，/
1334034 无可奈何/
1334550 /vd
1334571 的/
1334852 /p
1335081 讲/
1335647 /m
1336602 /r
1337184 五/
1337697 活动/
1338281 /u
1338877 /nd
1339095 自然/
1339608 /w
1340138 /r
1340144 抬/
1340313 咽/
1340328 ，/
1341324 /n
1341407 干旱/
1341712 /w
1341804 /nhf
1343368 ─/
1344102 边/
1344145 点/
1344426 /u
1344582 /vd
1344730 把/
1344736 掉/
1344744 /w
1344751 /d
1344888 /w
1344916 ，/
1347275 /u
1347407 本身/
1347441 /v
1348463 一/
1349008 /nhf
1349140 紧绷/
1349727 道安/
1351519 凡/
1352390 ─/
1352683 /w
1352841 战士/
1354079 /d
1354301 苏/
1354391 /n
1355432 ─/
1356349 突/
1356374 /w
1356839 ，/
1356845 搂/
1356871 。/
1356926 /w
1357032 头/
1357827 ，/
1358004 ，/
1358821 他们/
1359238 英挺/
1359238 果决/
1359546 发展/
1359975 已经/
1360334 当时/
1360415 /p
1360847 /w
1360983 /m
1364211 毒a/
1364674 /w
1364711 ，/
1364801 么/
1365324 高/
1367526 的/
1368165 牛/
1368686 ，/
1369499 形/
１８．１
1372570 同时/
1372669 /u
1372839 ，/
1373328 鲁/
1373339 普希金/
1374447 史塔汉诺夫/
1374481 也/
1375637 带上/
1376387 /w
1377052 由/
1377608 /r
1377622 ，/
1377695 敌舰/
1378076 科学/
1378096 本身/
1378328 该/
1379102 综合/
1379235 某种/
1381898 /u
1382222 地/
1382537 /v
1382947 了/
1383007 ，/
1383335 严重/
1383526 你/
1383583 的/
1384390 /w
1384771 "/
1384978 /vu
1385738 /nd
1385888 /r
1386852 你/
1387281 果戈理/
1387851 但/
1388151 /vd
1388228 的/
1388835 什么/
1389143 /p
1390682 的/
1390730 综合/
1391272 乃/
1391284 /p
1391798 的/
1392013 该/
1394426 /w
1394754 “/
1396117 的/
1396571 她/
1396611 他/
1397521 /w
1398582 /v
1398752 一/
1400018 身个/
1400026 飞跑/
1400745 ，/
1401168 /r
1401364 /w
1402125 某种/
1403056 /u
1403555 /u
1404392 /v
1404856 /w
1404997 /w
1405140 /w
1405419 ，/
1405635 地/
1405638 /nhs
1405667 地/
1405670 /nhs
1405699 见识/
1405976 吗/
1406023 带上/
1406095 站/
1406178 的/
1406652 /w
1406689 到/
1406715 漩涡/
1407197 /v
1407888 游击队/
1408132 "/
1409258 各种/
1410956 /p
1411180 之/
1411319 慌/
1411368 ，/
1411960 植物/
1411991 /v
1412196 数/
1412253 造/
1412359 着/
1412865 /r
1412970 地区/
1413373 麦/
1414524 /d
1414618 /n
1415054 咽/
1415099 /r
1415651 '/
1417025 "/
1417062 了/
1417392 /m
1418200 /w
1418309 这里/
1418966 三百/
1419001 分配/
1419002 集体/
1419467 无可奈何/
1419519 得意/
1422049 在/
1422781 同时/
1423492 /u
1424099 /v
1424334 ，/
1424334 滇越/
1424498 头/
1424799 /n
1425541 /n
1425556 种/
1425765 /c
1426001 /w
1426051 有的r/
1426102 /m
1426188 分子/
1426678 /w
1426723 他/
1427294 之/
1427321 /v
1427771 /d
1427841 /w
1428289 了/
1428605 讲/
1429813 /vl
1429868 /nt
1430637 个/
1431473 动手/
1432215 ─/
1432643 吗/
1435145 送别/
1435313 /w
1435488 小猪/
1435651 达达尼尔/
1435751 基本/
1435925 ：/
1436106 /q
1436671 /n
1436790 道安/
1436812 时期/
1437304 兢/
1437421 人/
1437588 、/
1437953 /w
1438496 道安/
1438749 价格/
1438937 /w
1440056 /d
1440752 呢/
1440828 ，/
1441109 据/
1441639 就是/
1441843 ─/
1443549 /m
1445000 /q
1445100 /r
1445761 等/
1446612 另外/
1447213 种/
1447810 /u
1448068 /n
1448410 /vl
1448413 /n
1448463 记/
1448745 的/
1448857 一/
1449137 麦/
1449351 /m
1449468 的/
1449492 /w
1449506 ，/
1451144 度/
1451602 影响/
1452350 地/
1454318 /d
1455023 /d
1455492 安乐/
1455766 "/
1455829 /q
1457178 /w
1457506 /v
1457929 道安/
1457951 时期/
1458310 行/
1458503 集体/
1458816 才能/
1459108 /q
1459462 /v
1459468 /w
1459580 身个/
1459711 /n
1459717 /n
1460513 ，/
1460513 滇越/
1461146 才能/
1461845 根据/
1462421 益/
1463207 地/
1463216 地/
1463217 概率/
1463751 /n
1464387 /vu
1466167 三百/
1466844 人物/
1467102 /ws
1467190 边/
1467318 ＝/
1467358 /n
1467373 /n
1467516 各种/
1467892 古/
1467939 /w
1468530 人/
1469807 /u
1470157 /v
1470634 /q
1470991 头/
1471036 行/
1472766 伟大/
1473280 直肠/
1473891 见识/
1474029 本能/
０．
1474329 工/
1474329 ０．/
1474361 某种/
1476503 /n
1476563 "/
1476907 集体/
1477140 /nhf
1477333 /q
1477937 边/
1478031 点/
1478351 "/
1479470 行/
1480568 的/
1481028 "/
1481221 圣玛利/
1481304 /v
1481370 的/
1481588 农民/
1482329 几/
1482368 /d
1482907 戏/
1483022 他们/
1483710 厌/
1483833 将/
1484107 /u
1484731 着/
1484759 /w
1485002 /n
1485003 /n
1485004 /n
1485005 /n
1485006 /n
1487885 /d
1488646 /n
1489848 较/
1491222 /n
1491519 /v
1491572 英挺/
1491572 果决/
1491632 /w
1491680 他/
1492372 该/
1493307 ！/
1493345 让/
1493696 "/
1494045 /w
1494588 /w
1494775 ：/
1495313 五/
1495526 /v
1495698 没有/
1495987 有/
1497458 厌/
1497510 /p
1499166 线/
1499391 冰/
1499517 /q
1499578 领导/
1499751 时/
1500391 /n
1501585 /d
1501715 法/
1503337 的/
1503976 的/
1505063 /v
1505187 他们/
1506032 一/
1506365 /w
1506490 /vd
1506512 用/
1506790 伟大/
1508697 着/
1508800 ─/
1510384 /nd
1512639 /w
1513176 个/
1513602 年/
1513603 /n
1514327 /nd
1515380 /n
1515422 固体/
1516130 基本/
1516355 /u
1516805 几/
1517064 /n
1517357 名/
1517642 /w
1517689 有/
1518811 /u
1519902 了/
1519935 地/
1519945 地/
1520078 真/
1520849 薄/
1521601 /n
1522925 。\/
1523113 费用/
1523667 年/
1523671 /n
1523722 实在/
1523848 /w
1523996 /p
1524106 个/
1524204 实在/
1524569 在/
1524855 /u
1526004 双/
1526388 。/
1526584 /q
1527790 /u
1528321 发育/
1528416 /n
1528465 干旱/
1528939 /w
1528967 /n
1528989 苏/
1529156 /nd
1530074 /v
1530264 没有/
1531164 /vl
1531229 还/
1532120 而/
1532155 /a
1534203 同时/
1534334 /w
1534787 /m
1535032 /q
1535147 他们/
1535397 方式/
1535890 及至/
1536645 漩涡/
1536661 /nd
1537899 不/
1538556 着/
1538611 不怕/
1538746 防/
1539175 /nd
1539190 /v
1539476 /r
1540454 正当/
1540715 /w
1541137 /n
1541138 /n
1541204 什么/
1541264 线/
1541538 玷/
1542032 这个/
1542197 /w
1544198 ─/
1544898 。\/
1546204 /d
1546964 ：/
1548801 惋惜/
1549716 /p
1549741 /v
1550854 /nd
１０
０．
６
1551700 ！/
1551748 让/
1551749 手/
1551782 着/
1551943 /nhf
1552252 冰/
1553255 积极/
1553503 涌/
1553516 东/
1553665 十月革命/
1555255 氏/
1556220 的/
1556288 /w
1556322 ，/
1556761 ─/
1556888 氏/
1557737 /q
1558350 概率/
1558370 /n
1558653 高/
1559086 青年人/
1559866 /n
1560373 /p
1560913 赊/
1560964 农民/
1561203 特别/
1562747 有/
1562882 /q
1563119 牛/
1564094 才能/
1564102 的/
1564127 一/
1565344 通过/
1565828 /w
1568482 圣玛利/
1569108 /d
1569234 带上/
1569375 站/
1569424 给/
1569602 /w
1570429 "/
1570462 了/
1571360 本身/
1571370 对象/
1571603 /w
1571664 站/
1574129 生殖器官/
1574298 领导/
1574700 的/
1574763 /w
1574975 已经/
1575074 几/
1575558 /nd
1575632 /d
1575701 '/
1575814 特别/
1577184 清/
1578675 见识/
1579447 隋/
1579609 /a
1579730 角落/
1579805 /vl
1580499 ，/
1581226 /w
1581246 /x
1581246 /x
1582081 ，/
1583607 喂/
1583716 或/
1584813 高技术/
1585046 /nd
1586461 /u
1586747 多普勒/
1587633 /n
1589141 /w
1589599 讲/
1590228 /w
1590814 这种/
1590816 形/
1591588 建筑n/
1592010 /r
1593042 ，/
1593049 呢/
1594501 /v
1595799 时/
1598203 /w
1598683 /m
1599055 。/
1601700 烟卷/
1601801 ，/
1602259 /d
1603098 /nd
1604285 据/
1604289 /w
1605091 严重/
1605293 ─/
1606000 惋惜/
1606578 对象/
1606807 ，/
1607146 防/
1607346 亚利士多/
1608691 有的r/
1609580 ，/
1609657 的/
1610774 积极/
1610791 五/
1611194 ，/
1611671 年/
1613155 。/
1613156 /p
1614137 安乐/
1614262 /d
1615082 这/
1615385 /w
1616178 生活/
1616507 由/
1616934 /c
1617916 、/
1617987 由/
1618844 由/
1619620 。/
1620623 /w
1621496 /d
1622276 通过/
1623578 ，/
1624257 集体/
1624727 种/
1625140 /nd
1625985 /n
1626885 的/
1627390 /w
1627433 到/
1627732 秩序/
1628072 处/
1628859 和/
1628986 化/
1629470 ，/
1629547 的/
1630622 ，/
1630792 /w
1631352 慌/
1631415 ，/
1631907 对p/
1633786 它/
1634497 。\/
1634707 /vu
1634893 、/
1635219 /w
1636055 /w
1638641 /w
1638838 高粱地/
1639129 掉/
1639135 /w
1639718 边/
1639801 边/
1640709 /w
1641087 着/
1641604 /p
1642733 /n
1643316 的/
１
1643972 /vu
1644924 益/
1645002 角落/
1645322 工/
1645322 ０．/
1645658 行/
1645701 这种/
1645706 形/
1646883 集体/
1647396 高/
1648632 正/
1648920 ，/
1648959 。/
1649035 /w
1649173 。/
1649722 /c
1650703 战局/
1651097 /v
1651196 无可奈何/
1651395 /n
1651631 ─/
1652581 "/
1652611 /v
1653331 /n
1653775 /c
1654535 法则/
1655091 这种/
1655243 /w
1655481 /p
1655765 干旱/
1655766 /n
1655932 了/
1656273 尚/
1657143 这里/
1657196 吗/
1657900 据/
1657907 /w
1657917 流/
1658886 头/
1659463 边/
1659546 边/
1659682 线/
1660239 ─/
1660719 游击队/
１．
1662331 或/
1662805 这/
1663789 /q
1664105 。/
1664928 腹痛/
1665662 /v
1665699 ，/
１９２
1665801 农民/
1665837 发展/
1666367 青年人/
1666707 建筑n/
1667703 /w
1668829 ，/
1669484 /c
1669607 线/
1670532 d有点/
1670792 /w
1671164 地/
1671171 地/
1671184 见识/
1671272 了/
1673289 本/
1673582 这/
1673887 /v
1674375 似地/
1674543 /v
。w１
1676108 /w
1676930 /w
1677635 /u
1677825 马克思主义/
1680188 记/
1680978 吗/
1682533 /u
1683314 /u
1683316 /u
1683543 /m
1684414 /d
1684520 /q
1685345 或/
1685366 /p
1685513 科学/
1685713 战/
1685740 巴/
1685993 道安/
1687291 ，/
1688039 /n
1689417 /n
1689429 情况/
1690280 ：/
1690295 /c
1690592 了/
1691402 防/
1692249 道安/
1692309 时期/
1693140 /nh
1693367 等/
1694296 费用/
1695537 本身/
1695678 鲁/
1695787 /r
1695874 /w
1696260 /r
1697884 歧/
1698133 完全/
1699239 好了/
1699290 /r
1699480 咽/
1699595 ２/
1699726 /w
1700198 /n
1701322 呢/
1701672 带上/
1701747 /w
1702748 /m
1703285 角落/
1703460 ，/
1703863 /n
1703938 边/
1704029 /n
1704230 而/
1704261 /a
1704728 价格/
1704943 /u
1705375 片/
1705440 ─/
1705723 /v
1705822 /vd
1706897 /n
1707743 ：/
1708004 ─/
1708358 、/
1709389 /w
1709463 够/
1709488 /u
1709777 /w
1710809 一/
1712220 一/
1712981 他们/
1713119 着/
1713180 /w
1714156 /vl
1715843 一/
1716688 果戈理/
1717765 这个/
1719190 /nd
1719830 眼/
1720231 充足/
1720390 /n
1720648 多普勒/
1720868 /v
1721265 /w
1721272 高/
1721301 吗/
1722655 /vd
1723416 /d
1724592 ２/
1724880 /n
1725208 ，/
1725396 不无/
1726617 晃/
1728160 价格/
1728824 ，/
1730086 /w
1730226 居然/
1730317 /r
1730521 /nt
1731251 斐底阿斯/
1731457 /p
1731543 /p
1732901 掉/
1732923 /d
1734648 /u
1735370 /u
1735782 /n
1735949 等/
1737319 着/
1738544 /v
1738654 的/
1738877 厌/
1740455 不说/
1740984 多普勒/
1741274 /a
1742366 /u
1742918 ，/
1743092 /w
1743758 /u
1743794 伟大/
1743945 双/
1745872 ，/
1747118 批判/
1747591 /d
1747790 嘴唇/
1748607 的/
1748702 /w
1748872 隋/
1749642 热化/
1750731 这/
1750872 /w
1751213 /w
1752051 本身/
1752739 /n
1753454 了/
1753513 化石/
1753576 老/
1755258 牛/
1755310 地球/
1755373 名/
1756287 /w
1756324 /x
1756324 /x
1756536 /n
1756632 ２/
1757635 初/
1758042 。/
1758148 /v
1758283 送别/
1758397 只/
1759630 的/
1760043 /w
1761217 哗哗/
1761584 婚制/
1761971 /a
1763352 的/
1763467 伟大/
1763790 由/
1764688 普希金/
1764777 度/
1764909 有/
1765000 /u
1765062 /n
1765147 干旱/
1765440 /w
1769079 '/
1771908 /q
1772221 /w
1772664 完全/
1772868 /n
1772902 实在/
1773860 有/
1774384 ，/
1774457 /w
1774885 /u
1775109 秽/
1775226 "/
1775273 了/
1776039 薄/
1776086 /w
1776918 ，/
1776918 滇越/
1777296 牛/
1779241 /u
1779369 为/
1780055 /vl
1780201 戏/
1780488 ！/
1780797 /vu
1782243 英挺/
1782243 果决/
1782381 ─/
1783448 安乐/
1783480 /u
1783499 双/
1783517 /w
1783775 戏/
1784010 他们/
1784323 ，/
1784323 滇越/
1784482 流/
1784521 /w
1784758 厉害/
1785053 在/
1785432 ，/
1785654 去/
1785922 一/
1786139 工/
1786139 ０．/
1786574 观察/
1787362 粒/
1787564 /d
1790094 年/
1790096 /n
1790136 实在/
1790352 他们/
1790555 着/
1791257 人/
1792125 /r
1792356 /w
1792425 我们/
1792969 完全/
1793154 常/
1793158 ，/
1793682 三百/
1793767 有/
1794269 有/
1795089 /w
1795817 ，/
1796729 植物/
1796776 生殖器官/
1797698 /v
1798308 ─/
1798308 ─/
1799457 玷/
1800485 /r
1800497 /nhf
1800684 /v
1801159 /w
1801183 ，/
1802066 /u
1802293 史塔汉诺夫/
1802550 "/
1802589 个/
1802655 /q
1803679 集体/
1804529 /d
1805461 没有/
1805591 满足/
1807551 该/
1808090 的/
1808975 头/
1809460 /n
1810504 /w
1810619 /q
1812968 常/
1812972 ，/
1813279 /w
1814209 伟大/
1814828 /nd
1814915 ，/
1815428 方式/
1815490 /w
1815610 /w
1816402 或/
1816424 呼吸/
1816536 /w
1818058 /m
1818235 /w
1818241 /nd
1820764 剥削/
1821123 基本/
1821364 没有/
1821980 /p
1822156 个/
1822181 /nhf
1822926 当时/
1823716 /w
1823900 /nd
1824645 好了/
1826331 /v
1826691 /nhs
1826766 咽/
1826908 /w
1826952 见/
1827301 "/
1827368 好看/
1827523 已/
1827766 /u
1828513 巴/
1828608 高a/
1828624 /p
1828663 /d
1829241 /v
1829373 /nd
1829380 /u
1830196 /d
1830554 。/
1830600 时/
1832402 /w
1833023 /w
1833178 没有/
1834220 大寒/
1835259 送别/
1836781 这/
1837517 硫酸/
1838672 数/
1838697 造/
２４
１
１．
１
１
１８．１
１
1838918 据p/
1839588 正当/
1840070 /w
1840130 /m
1840437 地区/
1840554 /w
1841651 就是/
1842376 当时/
1842544 ─/
1842544 ─/
1842565 ─/
1842902 到/
1843652 /r
1843812 领导/
1843948 常/
1844145 咽/
1844251 /r
1844304 够/
1844365 /u
1847466 原子/
1847549 多普勒/
1847591 /u
1847707 范围/
1848254 ，/
1848410 据p/
1848871 这/
1850003 /w
1850184 /w
1851802 -/
1852459 时/
1852472 /w
1853199 好看/
1853488 /w
1853502 /n
1853534 去/
1854101 /w
1854389 已经/
1854904 种/
1855299 各种/
1856603 /r
1856750 /v
1856948 几/
1858202 逐/
1858299 /c
1858495 /n
1859781 /n
1859905 了/
1862026 ─/
1862026 ─/
1862047 ─/
1862164 ─/
1862164 ─/
1863039 /nd
1863226 /r
1863306 敌舰/
1863855 战士/
1864023 /w
1864084 ，/
1864091 ，/
1865111 /v
1866530 个/
1867814 满足/
1868078 /vl
1868331 /vl
1870153 也/
1870245 等/
1870265 凡/
1871056 了/
1871098 /nhs
1871110 /nhs
1871256 真/
1871291 "/
1871318 只/
1871405 ─/
1871405 ─/
1871730 时/
1871743 /w
1872032 公园/
1872429 /u
1872443 费用/
1872541 这个/
1872844 /a
1873515 /w
1873649 我/
1873659 么/
1874877 ─/
1875489 分子/
1876273 /n
1876919 /w
1877066 在/
1877375 对/
1877398 另外/
1877627 地球/
1878935 它/
1879236 /w
1879255 /n
1879751 局部/
1881189 ─/
1881189 ─/
1882013 ：/
1882028 价格/
1882299 ，/
1883136 /w
1884701 分/
1884783 分别/
1884868 原子/
1885014 /vl
1885550 ，/
1885747 ：/
1885768 /c
1886282 由/
1886357 /d
1887128 两/
1887174 /u
1887427 牛/
1888625 化/
1888852 /r
1889766 /vd
1890233 笔/
1890717 公园/
1891085 化/
1892439 生产/
1892444 /w
1892514 ，/
1892571 居然/
1892753 /r
1892935 人员/
1893048 的/
1893666 为/
1893966 或/
1894190 多普勒/
1894760 讲/
1894878 处境/
1896253 １８７９/
1896629 /nd
1897829 /w
1897935 ，/
1897935 滇越/
1898095 贷款n/
1898403 /w
1898406 概率/
1898484 位/
1901357 婚制/
1901540 /d
1901578 /vd
1901998 /v
６
1903008 之/
1904495 双髻鲨/
1904842 没有/
1905319 /nt
1905431 /u
1905522 已/
1905780 /a
1906166 苏/
1906408 /n
1906423 /n
1906512 。/
1906740 /r
1906993 粒/
1907755 五/
1908764 掉/
1908773 /w
1908783 /d
1908881 ，/
1908951 。/
1910274 紧绷/
1910296 不说/
1911098 而/
1911751 种/
1911763 历史/
1912708 的/
1912814 /v
1913395 记录/
1913409 潮间带/
1914694 白种人/
1914782 角落/
1914895 /u
1916171 /vd
1916880 的/
1917109 已经/
1917814 /w
1917922 化石/
1919198 致/
1922951 。/
1923148 /d
1923459 /nt
1923678 ，/
1924103 /u
1924137 ：/
1924151 /c
1925182 本身/
1925600 头/
1925703 几/
1926895 /d
1929864 /w
1930014 由/
1932488 由/
1933186 /q
1933301 /d
1933543 /nd
1934479 个/
1934514 鲁/
1934527 普希金/
1936151 建筑n/
1936982 /u
1937201 慌/
1937304 ，/
1940194 /m
1941468 记录/
1942310 /u
1942805 的/
1942909 按p/
1943349 根据/
1943875 防/
1944280 厉害/
1945106 这/
1945625 便/
1946007 ，/
1946212 发展/
1948517 一/
1948836 /n
1949719 据/
1949929 据/
1950703 自然/
1950843 /v
1951345 /n
1951511 依p/
。w１
1952240 /v
1954309 ，/
1954399 /v
1955177 /d
1956052 双髻鲨/
1956882 年/
1956926 实在/
1957486 、/
1959065 静止/
1959235 的/
1959361 斐底阿斯/
1959399 /w
1959436 他/
1960280 一/
1961026 。/
1961039 /w
1961249 /v
1961429 ，/
1961939 一/
1962964 /u
1962989 "/
1963523 /n
1964874 /u
1966083 益/
1967705 发展/
1967825 隋/
1968342 /d
1968361 /vd
1968470 成/
1968586 /v
1969073 在/
1970010 该/
1970728 白种人/
1972819 等/
1973195 胶/
1973224 太空/
1973308 /u
1973370 在/
1973618 /d
1975388 时/
1975700 /w
1976578 "/
1977405 ─/
1978205 这里/
1978241 吗/
1978341 抬/
1978388 大寒/
1978621 咽/
1978641 ，/
1979238 角落/
1980038 /v
1980283 她/
1980378 他/
1980682 的/
1981909 上述/
1982488 /u
1982518 伟大/
1984682 建筑n/
1984763 或/
1985310 /w
1985552 ，/
1986306 。\/
1988087 为/
1988568 /w
1988654 /r
1988660 /q
1988962 头/
1989698 没有/
1989929 /v
1990011 农民/
1991521 常/
1992910 种/
1993423 /w
1993598 /v
1993913 "/
1993947 /nd
1996500 史塔汉诺夫/
1996748 /w
1997108 赊/
1998373 巴/
1998441 /w
1998472 局/
1998983 有/
1999331 氏/
2001243 时期/
2001625 "/
2001640 认真/
2003155 呢/
2003350 眼/
2003351 明确/
2003574 见/
2003820 几/
2005211 /v
2005257 "/
2005820 。。/
2006467 伯/
2006906 长/
2007027 较/
2007370 /w
2007492 ，/
2009523 /w
2009855 年/
2009859 /n
2009974 /w
2010195 游击队/
2010198 我们/
2011988 麦/
2013742 /k
2016170 尚/
2016290 /v
2016403 某种/
2017120 ─/
2018280 /q
2018542 角落/
2018569 /u
2019789 象/
2019814 /d
2019850 /vd
2020105 /vl
2020112 /n
2020998 /u
2021178 无可奈何/
2021263 得意/
2021786 /c
2023136 /n
2024292 /w
2026329 /w
2026334 无可奈何/
2026517 d有点/
2026574 /nhf
2027249 /p
2027979 紧绷/
2028004 不说/
2028344 ：/
2028373 /c
2028990 ，/
2029502 个/
2030128 ＝/
2030166 /n
2031219 代/
2031784 送别/
2032512 人物/
2032588 婚制/
2033399 /w
2034677 的/
2034726 /q
2036480 /q
2036585 /d
2037531 家/
2037702 /q
2038179 点/
2038533 一/
2039389 保v/
2039474 /a
2039954 /n
2039995 各种/
2040108 及至/
2040116 "/
2040132 /v
2041087 高a/
2041460 人物/
2042204 /v
。w１
2042919 /d
2043379 年/
2044239 /w
2044586 /u
2044965 /u
2044968 /u
2045812 他们/
2046311 /w
2047272 满足/
2047351 、/
2049416 ，/
2049974 ，/
2051103 地/
2051693 刘/
2051851 由/
2052546 慌/
2052882 ，/
2052969 圣玛利/
2053112 /v
2053168 在/
2054344 /d
2054451 队长/
2054582 固体/
2056791 时/
2057023 高粱地/
2057562 时/
2057708 静止/
2058056 /v
2059250 ─/
2059844 活动/
2060088 民主政治/
2060130 直/
2060165 平/
2060301 /n
2060521 冰/
2061056 /u
2061079 的/
2063085 。/
2063124 种/
2063398 /n
2064452 /w
2065323 角落/
2065575 把/
2066020 将军/
2066163 ─/
2066163 ─/
１．
2068094 ，/
2068377 /n
2068782 /m
2068874 抗日/
2068961 /c
2069204 薄/
2069381 毕n/
2069961 /u
2069973 "/
2071556 地/
2072163 冰/
2074068 ，/
2074075 搂/
2074262 。/
2074331 /r
2074623 /nd
2074844 的/
2075095 或/
2075174 据p/
2075443 的/
2076554 ─/
2077575 三/
2077899 /v
2078398 戏/
2078719 /vl
2079608 个/
2080934 个/
2081989 /v
2083030 /r
2083218 公园/
2084477 ─/
2086696 ！/
2086734 手/
2086753 着/
2086896 /nhf
2086917 /v
2086939 她/
2086966 /w
2087184 /w
2088186 分/
2088267 /p
2088342 了/
2088579 ，/
2089008 名/
０．
2090583 活动/
2090762 /w
2090890 /q
2091053 。/
2091124 /nh
2093688 五/
2093755 /w
2094587 原子/
2094696 点/
2094860 /c
2095108 好/
2095233 /w
2095495 游击队/
2095498 我们/
2095557 /r
2096593 本来/
2096861 了/
2096887 了/
2096985 地/
2097028 地/
2097429 对于/
2097979 /w
2100026 道安/
2100463 ─/
2100560 ─/
2100569 余/
2100572 ─/
2100572 ─/
2100965 只/
2101015 /w
2101576 才能/
2101582 的/
2103545 /v
2103779 年/
2103783 /n
2104364 /d
2104498 综合/
2104577 见识/
2104857 了/
2104885 本能/
2105406 /w
2106696 建筑n/
2108132 /c
2110311 /u
2110454 /v
2110588 /w
2111678 人员/
2111762 /n
2112530 了/
2113468 清/
2113564 这种/
2114685 抬/
2115841 边/
2116003 /n
2116277 ，/
2118030 胶/
2118767 名/
2119068 d有点/
2119319 /m
2119624 的/
６
2119999 工/
2119999 ０．/
2120383 “/
2120792 /u
2120807 /u
2120960 /n
2122141 发展/
2122489 咽/
2122561 够/
2123691 点/
2124348 /u
2124430 。/
2124473 种/
2125589 突/
2125917 完全/
2126163 有的r/
2126337 /w
2126403 生活/
2127104 对p/
2127647 形/
2127956 讲/
2130292 他/
2131072 内/
2131080 世纪/
2131139 鲁/
2131432 /w
2131434 /w
2132023 凡/
2132419 一/
2132769 /w
2132936 /w
2134085 不无/
2134547 他们/
2135023 /v
１０
2135295 ─/
2135654 /u
2136366 开/
2137347 婚制/
2137389 或/
2138001 /w
2138122 居然/
2138538 /u
2138774 晃/
2138986 /c
2140378 /w
2140452 个/
2141037 常/
2141556 /n
2142267 ─/
2142363 工/
2142363 ０．/
2142459 某种/
2143636 不/
2143808 核/
2144241 /v
2144296 /vd
2145564 /d
2145581 /vd
2146825 蹙/
2147533 /w
2148793 正/
2148894 益/
2149312 /r
2149847 氏/
2150491 或/
2150526 /p
2151174 /p
2151217 ，/
2151851 发展/
2152306 ─/
2152306 ─/
2153039 一/
2153194 这/
2153200 /m
2153926 /w
2154133 对于/
2154760 ，/
2154914 /w
2154978 当/
2156504 去/
2156602 地/
2157706 科学/
2158079 的/
2158154 /d
2158298 /w
2160168 飞跑/
2161577 。/
2161780 化石/
2161839 。/
2161858 头/
2162113 /d
2162878 就是/
2163601 /r
2163610 ，/
2163715 ？/
2164820 本身/
2164921 /v
2164966 静止/
2165527 的/
2169274 ，/
2170234 /v
2170543 ─/
2170831 ，/
2170831 滇越/
2171041 ，/
2171153 了/
2171175 了/
2171554 科学/
2172240 已经/
2172399 明白/
2172969 充足/
2173458 历史/
2174016 /w
2174758 战局/
2174962 "/
2175701 /u
2175709 /u
2175859 /v
2176445 /q
2177627 基本/
2177767 时/
2177776 ；/
2178112 地/
2178144 地/
2178186 见识/
2178410 /n
2178764 本身/
2178874 /v
2178923 坚持/
2179900 高/
2180140 /u
2180889 道安/
2181547 /p
2182109 英挺/
2182109 果决/
2184635 晋/
2184867 ─/
2184887 ─/
2184927 贞/
2185148 /q
2185224 着/
2185281 本能/
2185498 了/
2185871 自然/
2186218 /nd
2186260 它/
2187010 逐/
2188124 /p
2188128 /p
2188496 农民/
。w１
2189017 她/
2189033 /w
2189107 /w
2189200 /r
2189203 /q
2189247 游击队/
2189284 /r
2189506 概率/
2189544 的/
2189895 分子/
2189935 分别/
2190462 /v
2190610 ，/
2191502 /d
2191586 不/
2192752 发展/
2192758 的/
2192939 /vu
2192956 在/
2193941 /n
2194176 /vu
2194942 米/
2195038 /w
2195325 几/
2195362 /w
2196038 人员/
2196112 /n
2196914 /u
2197016 好了/
2197085 /r
2197089 抬/
2197407 ─/
2198275 嘴唇/
2198393 /v
2198806 /u
2199970 着/
2200055 的/
2200557 潮间带/
2200624 /
2200653 /u
2201480 一/
2202151 无可奈何/
2202912 /w
2203415 咽/
2203426 ，/
2203860 /n
１
2204337 /w
2204896 /w
2205140 处境/
2205331 一/
2205489 化/
2206114 /n
2206297 批判/
2206774 单位制/
2206963 /w
2207068 /w
2207520 /v
2207569 的/
2207873 局部/
2208417 /u
2208536 个/
2208751 清/
2209158 /a
2209373 双髻鲨/
2210224 /u
2210523 有的r/
2210674 /m
2211212 的/
2212897 /v
2213202 ，/
2214273 在/
2214338 和/
2215447 /q
2215615 ，/
2215647 眼/
2215651 明确/
2215770 我/
2216524 /w
2217266 下去/
2217472 一/
2219143 地球/
2219698 满足/
2220162 正当/
2220206 等/
2220386 队长/
2221131 /
2221202 造/
2221220 /v
2221560 /w
2222455 教育/
2222477 兢/
2223698 把/
2223708 掉/
2223719 /w
2223728 /d
2223844 ，/
2223863 搂/
2224539 道安/
2224998 漩涡/
2226617 本身/
2226939 /u
2227024 /w
2227666 /d
2227772 他们/
2228603 /u
2229148 成/
2229202 及至/
2229875 /w
2229973 当/
2230971 /nd
2231534 /w
2233989 不说/
2234216 有/
2234242 /w
2234395 复/
2234817 /n
2234823 社会/
2235036 /v
2235387 呵/
2235736 头/
2236011 /d
2237309 /u
2237495 已/
2237747 正/
2237896 ，/
2238678 了/
2238716 /nhs
2238725 /nhs
2239801 这/
2241244 着/
2241327 不怕/
2241844 /n
2242858 /w
2243086 不/
2243476 用/
2244283 /n
2245531 身个/
2245977 /d
2246120 /w
2246483 /v
2246693 才能/
2246735 决不/
2247100 /w
2247475 时期/
2248577 原子/
2249849 “/
2249916 讲/
2250725 代/
2251188 ，/
2251644 /q
2251830 /nd
2251882 它/
2252404 /v
2252630 厉害/
2255192 处境/
2255471 批判/
2255519 严重/
2256148 /n
2256891 有/
2258307 地区/
2260339 积极/
2260369 五/
2261478 /w
2261480 /w
2261955 /w
2262038 /n
2262258 /nh
2262619 这/
2263474 /nd
2264279 头/
2264612 /u
2265358 /w
2265379 概率/
2265626 的/
2265848 道安/
2266199 /q
2266441 /w
2266625 /c
2266901 他/
2267030 人n/
2267235 /w
2269664 完全/
2269889 /w
2270079 已经/
2270180 几/
2270577 地区/
2271181 /n
2271730 /r
2271738 ，/
2271799 敌舰/
2272144 高/
2272384 吗/
2272653 /r
2272661 抬/
2272674 /nhs
2273033 行/
2273335 农民/
2273425 /w
2273544 /nt
2273808 热化/
2274313 的/
2275834 ，/
2275834 滇越/
2276024 /v
2276603 /r
2277416 长/
2277850 /w
2277881 /w
2277915 在/
2278409 /u
2278488 着/
2278565 不怕/
2279066 令n/
2279800 表现/
2280112 /w
2280374 赊/
2280386 /v
2280616 伯/
2282722 冰/
2283004 粒/
2283243 /v
2283666 /w
2283756 农民/
2283994 度/
2284071 一/
2285374 赊/
2285879 /w
2285886 该/
2286090 /vd
2286406 /d
2286731 ，/
2286737 ，/
2286771 他/
2287195 个/
2287196 一/
2288180 /p
2288579 /nd
2288647 。/
2289427 用/
2289697 /d
2290111 /w
2290406 /w
2290566 普希金/
2290606 法兰克/
2290708 /w
2292281 内/
2292417 达达尼尔/
2292746 /w
2293095 送别/
2293356 /w
2294069 基本/
2294436 /w
2294800 数/
2294832 造/
２４
１
2295328 吗/
2295463 站/
2295773 尚/
2296047 /w
2296128 没有/
2296766 /vd
2297693 /w
2297839 认识/
2298511 /w
2299079 紧绷/
2299197 一/
2301034 /v
2301035 /w
2301042 /w
2301168 两/
2301395 /m
2302171 婚制/
2303213 /w
2303252 、/
2303661 /v
2303867 身个/
2304815 ─/
2304969 本身/
2305417 认识/
2305443 婚制/
2305849 和/
2305997 /u
2306053 慌/
2306138 ，/
2306355 满足/
2306421 在/
2306985 基本/
2307182 /v
2307258 坚持/
2307347 自然/
2308654 另外/
2308802 初/
2309303 时/
2309317 /w
2310179 /u
2310233 不/
2310367 /d
2311213 时/
2311425 ─/
2311426 余/
2311429 ─/
2311429 ─/
2312185 分子/
2312298 ，/
2312824 符号/
2312993 片/
2314049 ─/
2314075 多普勒/
2314632 /n
2314717 固体/
2315022 /w
2315074 公园/
2315469 政治经济学/
2315717 ─/
2315718 余/
2316510 在/
2317446 厌/
2317685 /w
2318442 /w
2320155 /u
2320339 。/
2320675 蹙/
2321116 或/
2321309 的/
2321762 种/
2321964 的/
2323072 戏/
2324035 /w
2324211 /v
2325600 凡/
2327183 时期/
2327595 地区/
2328956 行/
{(' [什] ', '什'), (' [请] ', '请'), (' [地] ', '地'), (' [来] ', '来'), (' [和] ', '和'), (' [做] ', '做'), (' [及] ', '及'), (' [跟] ', '跟'), (' [个] ', '个'), (' [哇] ', '哇'), (' [很] ', '很'), (' [此] ', '此'), (' [向] ', '向'), (' [哪] ', '哪'), (' [呢] ', '呢'), (' [有] ', '有'), (' [么] ', '么'), (' [嗯] ', '嗯'), (' [嘛] ', '嘛'), (' [小] ', '小'), (' [谁] ', '谁'), (' [也] ', '也'), (' [在] ', '在'), (' [吧] ', '吧'), (' [吃饭] ', '吃饭'), (' [每] ', '每'), (' [某] ', '某'), (' [几] ', '几'), (' [我] ', '我'), (' [或] ', '或'), (' [并] ', '并'), (' [看] ', '看'), (' [这] ', '这'), (' [起来] ', '起来'), (' [各] ', '各'), (' [中国] ', '中国'), (' [他] ', '他'), (' [吗] ', '吗'), (' [就] ', '就'), (' [与] ', '与'), (' [她] ', '她'), (' [了] ', '了'), (' [多] ', '多'), (' [日] ', '日'), (' [的] ', '的'), (' [秒] ', '秒'), (' [已] ', '已'), (' [更] ', '更'), (' [你] ', '你'), (' [恩] ', '恩'), (' [又] ', '又'), (' [月] ', '月'), (' [第] ', '第'), (' [哪个] ', '哪个'), (' [共] ', '共'), (' [哼] ', '哼'), (' [不] ', '不'), (' [啊] ', '啊'), (' [那] ', '那'), (' [含] ', '含'), (' [都] ', '都')}
